<?xml version="1.0" encoding="UTF-8"?>
<testng-results ignored="0" total="1" passed="1" failed="0" skipped="0">
  <reporter-output>
  </reporter-output>
  <suite started-at="2022-12-09T16:09:31 IST" name="Suite" finished-at="2022-12-09T16:09:45 IST" duration-ms="14959">
    <groups>
    </groups>
    <test started-at="2022-12-09T16:09:31 IST" name="Test" finished-at="2022-12-09T16:09:45 IST" duration-ms="14959">
      <class name="com.qa.testscripts.TC_AmazonScroll_001">
        <test-method is-config="true" signature="Setup(java.lang.String,java.lang.String)[pri:0, instance:com.qa.testscripts.TC_AmazonScroll_001@57d7f8ca]" started-at="2022-12-09T16:09:31 IST" name="Setup" finished-at="2022-12-09T16:09:41 IST" duration-ms="10462" status="PASS">
          <params>
            <param index="0">
              <value>
                <![CDATA[Chrome]]>
              </value>
            </param>
            <param index="1">
              <value>
                <![CDATA[https://www.amazon.in/]]>
              </value>
            </param>
          </params>
          <reporter-output>
          </reporter-output>
        </test-method> <!-- Setup -->
        <test-method signature="Search(java.lang.String,java.lang.String)[pri:0, instance:com.qa.testscripts.TC_AmazonScroll_001@57d7f8ca]" started-at="2022-12-09T16:09:41 IST" name="Search" finished-at="2022-12-09T16:09:45 IST" duration-ms="4052" status="PASS">
          <params>
            <param index="0">
              <value>
                <![CDATA[Chrome]]>
              </value>
            </param>
            <param index="1">
              <value>
                <![CDATA[https://www.amazon.in/]]>
              </value>
            </param>
          </params>
          <reporter-output>
          </reporter-output>
        </test-method> <!-- Search -->
        <test-method is-config="true" signature="teadown()[pri:0, instance:com.qa.testscripts.TC_AmazonScroll_001@57d7f8ca]" started-at="2022-12-09T16:09:45 IST" name="teadown" finished-at="2022-12-09T16:09:45 IST" duration-ms="380" status="PASS">
          <reporter-output>
          </reporter-output>
        </test-method> <!-- teadown -->
      </class> <!-- com.qa.testscripts.TC_AmazonScroll_001 -->
    </test> <!-- Test -->
  </suite> <!-- Suite -->
</testng-results>
